TN:
SF:src\App.jsx
FN:10,(anonymous_0)
FN:16,(anonymous_1)
FN:20,(anonymous_2)
FN:25,(anonymous_3)
FNF:4
FNH:4
FNDA:12,(anonymous_0)
FNDA:7,(anonymous_1)
FNDA:7,(anonymous_2)
FNDA:35,(anonymous_3)
DA:10,3
DA:11,12
DA:12,11
DA:13,11
DA:14,11
DA:16,11
DA:17,7
DA:20,11
DA:21,7
DA:23,7
DA:25,35
DA:26,7
DA:27,7
DA:30,11
LF:14
LH:14
BRDA:23,0,0,6
BRDA:23,0,1,1
BRF:2
BRH:2
end_of_record
TN:
SF:src\api.js
FN:13,(anonymous_0)
FN:14,(anonymous_1)
FN:23,(anonymous_2)
FNF:3
FNH:3
FNDA:10,(anonymous_0)
FNDA:350,(anonymous_1)
FNDA:12,(anonymous_2)
DA:13,3
DA:14,350
DA:15,10
DA:16,10
DA:23,3
DA:24,12
LF:6
LH:6
BRF:0
BRH:0
end_of_record
TN:
SF:src\main.jsx
FNF:0
FNH:0
DA:6,0
LF:1
LH:0
BRF:0
BRH:0
end_of_record
TN:
SF:src\mock-data.js
FNF:0
FNH:0
DA:3,4
LF:1
LH:1
BRF:0
BRH:0
end_of_record
TN:
SF:src\components\CitySearch.jsx
FN:6,(anonymous_0)
FN:11,(anonymous_1)
FN:14,(anonymous_2)
FN:23,(anonymous_3)
FN:30,(anonymous_4)
FN:41,(anonymous_5)
FN:46,(anonymous_6)
FNF:7
FNH:7
FNDA:58,(anonymous_0)
FNDA:18,(anonymous_1)
FNDA:36,(anonymous_2)
FNDA:2,(anonymous_3)
FNDA:16,(anonymous_4)
FNDA:5,(anonymous_5)
FNDA:26,(anonymous_6)
DA:6,3
DA:7,58
DA:8,58
DA:9,58
DA:11,58
DA:12,18
DA:13,18
DA:15,36
DA:19,18
DA:20,18
DA:23,58
DA:24,2
DA:25,2
DA:26,2
DA:27,2
DA:30,58
DA:31,16
DA:34,58
DA:41,5
DA:47,26
LF:20
LH:20
BRDA:13,0,0,18
BRDA:13,0,1,0
BRDA:44,1,0,24
BRDA:44,1,1,34
BRF:4
BRH:3
end_of_record
TN:
SF:src\components\Event.jsx
FN:5,(anonymous_0)
FN:21,(anonymous_1)
FNF:2
FNH:2
FNDA:190,(anonymous_0)
FNDA:3,(anonymous_1)
DA:5,4
DA:6,190
DA:7,190
DA:21,3
LF:4
LH:4
BRDA:14,0,0,2
BRDA:14,0,1,188
BRDA:23,1,0,2
BRDA:23,1,1,188
BRF:4
BRH:4
end_of_record
TN:
SF:src\components\EventList.jsx
FN:5,(anonymous_0)
FN:9,(anonymous_1)
FNF:2
FNH:2
FNDA:14,(anonymous_0)
FNDA:180,(anonymous_1)
DA:5,3
DA:6,14
DA:9,180
LF:3
LH:3
BRDA:8,0,0,12
BRDA:8,0,1,2
BRF:2
BRH:2
end_of_record
TN:
SF:src\components\NumberOfEvents.jsx
FN:4,(anonymous_0)
FN:7,(anonymous_1)
FNF:2
FNH:2
FNDA:18,(anonymous_0)
FNDA:4,(anonymous_1)
DA:4,4
DA:5,18
DA:7,18
DA:8,4
DA:11,18
LF:5
LH:5
BRF:0
BRH:0
end_of_record
